<?xml version="1.0" encoding="UTF-8"?>
<testng-results skipped="0" failed="0" ignored="0" total="1" passed="1">
  <reporter-output>
  </reporter-output>
  <suite name="Default suite" duration-ms="30857" started-at="2022-04-30T15:24:01 IST" finished-at="2022-04-30T15:24:32 IST">
    <groups>
    </groups>
    <test name="Default test" duration-ms="30857" started-at="2022-04-30T15:24:01 IST" finished-at="2022-04-30T15:24:32 IST">
      <class name="testNG.param10">
        <test-method status="PASS" signature="loginLogoutInActitimeApplication()[pri:0, instance:testNG.param10@59e5ddf]" name="loginLogoutInActitimeApplication" duration-ms="30799" started-at="2022-04-30T15:24:01 IST" finished-at="2022-04-30T15:24:32 IST">
          <reporter-output>
          </reporter-output>
        </test-method> <!-- loginLogoutInActitimeApplication -->
      </class> <!-- testNG.param10 -->
    </test> <!-- Default test -->
  </suite> <!-- Default suite -->
</testng-results>
